TN:
SF:src/app/controllers/UserController.js
FN:1,_interopRequireDefault
FN:5,(anonymous_1)
FNF:2
FNH:2
FNDA:1,_interopRequireDefault
FNDA:3,(anonymous_1)
DA:1,1
DA:2,1
DA:6,3
DA:7,3
DA:9,3
DA:10,1
DA:14,2
DA:16,2
DA:20,1
LF:9
LH:9
BRDA:1,0,0,1
BRDA:1,0,1,0
BRDA:1,1,0,1
BRDA:1,1,1,1
BRDA:9,2,0,1
BRDA:9,2,1,2
BRF:6
BRH:5
end_of_record
TN:
SF:src/app/models/User.js
FN:1,_interopRequireDefault
FN:5,(anonymous_1)
FNF:2
FNH:2
FNDA:1,_interopRequireDefault
FNDA:1,(anonymous_1)
DA:1,1
DA:2,1
DA:6,1
DA:14,1
DA:18,1
LF:5
LH:5
BRDA:1,0,0,0
BRDA:1,0,1,1
BRDA:1,1,0,1
BRDA:1,1,1,1
BRF:4
BRH:3
end_of_record
